  Assignment1.cpp
C:\Users\GGPC\OneDrive\Desktop\UC Semester 1 (2023)\COSC363\Assignment 1 (20%)\Assignment1.cpp(115,22): warning C4305: '-=': truncation from 'double' to 'float'
C:\Users\GGPC\OneDrive\Desktop\UC Semester 1 (2023)\COSC363\Assignment 1 (20%)\Assignment1.cpp(119,22): warning C4305: '+=': truncation from 'double' to 'float'
C:\Users\GGPC\OneDrive\Desktop\UC Semester 1 (2023)\COSC363\Assignment 1 (20%)\Assignment1.cpp(176,23): warning C4305: '=': truncation from 'double' to 'float'
C:\Users\GGPC\OneDrive\Desktop\UC Semester 1 (2023)\COSC363\Assignment 1 (20%)\Assignment1.cpp(182,23): warning C4305: '=': truncation from 'double' to 'float'
C:\Users\GGPC\OneDrive\Desktop\UC Semester 1 (2023)\COSC363\Assignment 1 (20%)\Assignment1.cpp(212,24): warning C4244: '+=': conversion from 'double' to 'float', possible loss of data
C:\Users\GGPC\OneDrive\Desktop\UC Semester 1 (2023)\COSC363\Assignment 1 (20%)\Assignment1.cpp(228,26): warning C4244: '+=': conversion from 'double' to 'float', possible loss of data
C:\Users\GGPC\OneDrive\Desktop\UC Semester 1 (2023)\COSC363\Assignment 1 (20%)\Assignment1.cpp(246,26): warning C4244: '+=': conversion from 'double' to 'float', possible loss of data
C:\Users\GGPC\OneDrive\Desktop\UC Semester 1 (2023)\COSC363\Assignment 1 (20%)\Assignment1.cpp(248,30): warning C4305: '+=': truncation from 'double' to 'float'
C:\Users\GGPC\OneDrive\Desktop\UC Semester 1 (2023)\COSC363\Assignment 1 (20%)\Assignment1.cpp(253,30): warning C4244: '+=': conversion from 'double' to 'float', possible loss of data
C:\Users\GGPC\OneDrive\Desktop\UC Semester 1 (2023)\COSC363\Assignment 1 (20%)\Assignment1.cpp(290,19): warning C4244: '+=': conversion from 'double' to 'float', possible loss of data
C:\Users\GGPC\OneDrive\Desktop\UC Semester 1 (2023)\COSC363\Assignment 1 (20%)\Assignment1.cpp(318,30): warning C4244: 'argument': conversion from 'int' to 'GLfloat', possible loss of data
C:\Users\GGPC\OneDrive\Desktop\UC Semester 1 (2023)\COSC363\Assignment 1 (20%)\Assignment1.cpp(318,24): warning C4244: 'argument': conversion from 'int' to 'GLfloat', possible loss of data
C:\Users\GGPC\OneDrive\Desktop\UC Semester 1 (2023)\COSC363\Assignment 1 (20%)\Assignment1.cpp(319,32): warning C4244: 'argument': conversion from 'int' to 'GLfloat', possible loss of data
C:\Users\GGPC\OneDrive\Desktop\UC Semester 1 (2023)\COSC363\Assignment 1 (20%)\Assignment1.cpp(319,24): warning C4244: 'argument': conversion from 'int' to 'GLfloat', possible loss of data
C:\Users\GGPC\OneDrive\Desktop\UC Semester 1 (2023)\COSC363\Assignment 1 (20%)\Assignment1.cpp(320,37): warning C4244: 'argument': conversion from 'int' to 'GLfloat', possible loss of data
C:\Users\GGPC\OneDrive\Desktop\UC Semester 1 (2023)\COSC363\Assignment 1 (20%)\Assignment1.cpp(320,26): warning C4244: 'argument': conversion from 'int' to 'GLfloat', possible loss of data
C:\Users\GGPC\OneDrive\Desktop\UC Semester 1 (2023)\COSC363\Assignment 1 (20%)\Assignment1.cpp(321,35): warning C4244: 'argument': conversion from 'int' to 'GLfloat', possible loss of data
C:\Users\GGPC\OneDrive\Desktop\UC Semester 1 (2023)\COSC363\Assignment 1 (20%)\Assignment1.cpp(321,26): warning C4244: 'argument': conversion from 'int' to 'GLfloat', possible loss of data
C:\Users\GGPC\OneDrive\Desktop\UC Semester 1 (2023)\COSC363\Assignment 1 (20%)\Assignment1.cpp(448,27): warning C4305: 'argument': truncation from 'double' to 'GLfloat'
C:\Users\GGPC\OneDrive\Desktop\UC Semester 1 (2023)\COSC363\Assignment 1 (20%)\Assignment1.cpp(453,25): warning C4305: 'argument': truncation from 'double' to 'GLfloat'
C:\Users\GGPC\OneDrive\Desktop\UC Semester 1 (2023)\COSC363\Assignment 1 (20%)\Assignment1.cpp(454,25): warning C4305: 'argument': truncation from 'double' to 'GLfloat'
C:\Users\GGPC\OneDrive\Desktop\UC Semester 1 (2023)\COSC363\Assignment 1 (20%)\Assignment1.cpp(455,25): warning C4305: 'argument': truncation from 'double' to 'GLfloat'
C:\Users\GGPC\OneDrive\Desktop\UC Semester 1 (2023)\COSC363\Assignment 1 (20%)\Assignment1.cpp(458,26): warning C4305: 'argument': truncation from 'double' to 'GLfloat'
C:\Users\GGPC\OneDrive\Desktop\UC Semester 1 (2023)\COSC363\Assignment 1 (20%)\Assignment1.cpp(459,26): warning C4305: 'argument': truncation from 'double' to 'GLfloat'
C:\Users\GGPC\OneDrive\Desktop\UC Semester 1 (2023)\COSC363\Assignment 1 (20%)\Assignment1.cpp(460,28): warning C4305: 'argument': truncation from 'double' to 'GLfloat'
C:\Users\GGPC\OneDrive\Desktop\UC Semester 1 (2023)\COSC363\Assignment 1 (20%)\Assignment1.cpp(461,26): warning C4305: 'argument': truncation from 'double' to 'GLfloat'
C:\Users\GGPC\OneDrive\Desktop\UC Semester 1 (2023)\COSC363\Assignment 1 (20%)\Assignment1.cpp(463,28): warning C4305: 'argument': truncation from 'double' to 'GLfloat'
C:\Users\GGPC\OneDrive\Desktop\UC Semester 1 (2023)\COSC363\Assignment 1 (20%)\Assignment1.cpp(464,28): warning C4305: 'argument': truncation from 'double' to 'GLfloat'
C:\Users\GGPC\OneDrive\Desktop\UC Semester 1 (2023)\COSC363\Assignment 1 (20%)\Assignment1.cpp(465,28): warning C4305: 'argument': truncation from 'double' to 'GLfloat'
C:\Users\GGPC\OneDrive\Desktop\UC Semester 1 (2023)\COSC363\Assignment 1 (20%)\Assignment1.cpp(466,26): warning C4305: 'argument': truncation from 'double' to 'GLfloat'
C:\Users\GGPC\OneDrive\Desktop\UC Semester 1 (2023)\COSC363\Assignment 1 (20%)\Assignment1.cpp(468,25): warning C4305: 'argument': truncation from 'double' to 'GLfloat'
C:\Users\GGPC\OneDrive\Desktop\UC Semester 1 (2023)\COSC363\Assignment 1 (20%)\Assignment1.cpp(469,25): warning C4305: 'argument': truncation from 'double' to 'GLfloat'
C:\Users\GGPC\OneDrive\Desktop\UC Semester 1 (2023)\COSC363\Assignment 1 (20%)\Assignment1.cpp(470,25): warning C4305: 'argument': truncation from 'double' to 'GLfloat'
C:\Users\GGPC\OneDrive\Desktop\UC Semester 1 (2023)\COSC363\Assignment 1 (20%)\Assignment1.cpp(471,25): warning C4305: 'argument': truncation from 'double' to 'GLfloat'
C:\Users\GGPC\OneDrive\Desktop\UC Semester 1 (2023)\COSC363\Assignment 1 (20%)\Assignment1.cpp(473,25): warning C4305: 'argument': truncation from 'double' to 'GLfloat'
C:\Users\GGPC\OneDrive\Desktop\UC Semester 1 (2023)\COSC363\Assignment 1 (20%)\Assignment1.cpp(474,25): warning C4305: 'argument': truncation from 'double' to 'GLfloat'
C:\Users\GGPC\OneDrive\Desktop\UC Semester 1 (2023)\COSC363\Assignment 1 (20%)\Assignment1.cpp(475,23): warning C4305: 'argument': truncation from 'double' to 'GLfloat'
C:\Users\GGPC\OneDrive\Desktop\UC Semester 1 (2023)\COSC363\Assignment 1 (20%)\Assignment1.cpp(476,23): warning C4305: 'argument': truncation from 'double' to 'GLfloat'
C:\Users\GGPC\OneDrive\Desktop\UC Semester 1 (2023)\COSC363\Assignment 1 (20%)\Assignment1.cpp(478,25): warning C4305: 'argument': truncation from 'double' to 'GLfloat'
C:\Users\GGPC\OneDrive\Desktop\UC Semester 1 (2023)\COSC363\Assignment 1 (20%)\Assignment1.cpp(479,25): warning C4305: 'argument': truncation from 'double' to 'GLfloat'
C:\Users\GGPC\OneDrive\Desktop\UC Semester 1 (2023)\COSC363\Assignment 1 (20%)\Assignment1.cpp(480,25): warning C4305: 'argument': truncation from 'double' to 'GLfloat'
C:\Users\GGPC\OneDrive\Desktop\UC Semester 1 (2023)\COSC363\Assignment 1 (20%)\Assignment1.cpp(481,25): warning C4305: 'argument': truncation from 'double' to 'GLfloat'
C:\Users\GGPC\OneDrive\Desktop\UC Semester 1 (2023)\COSC363\Assignment 1 (20%)\Assignment1.cpp(483,25): warning C4305: 'argument': truncation from 'double' to 'GLfloat'
C:\Users\GGPC\OneDrive\Desktop\UC Semester 1 (2023)\COSC363\Assignment 1 (20%)\Assignment1.cpp(484,25): warning C4305: 'argument': truncation from 'double' to 'GLfloat'
C:\Users\GGPC\OneDrive\Desktop\UC Semester 1 (2023)\COSC363\Assignment 1 (20%)\Assignment1.cpp(485,25): warning C4305: 'argument': truncation from 'double' to 'GLfloat'
C:\Users\GGPC\OneDrive\Desktop\UC Semester 1 (2023)\COSC363\Assignment 1 (20%)\Assignment1.cpp(486,25): warning C4305: 'argument': truncation from 'double' to 'GLfloat'
C:\Users\GGPC\OneDrive\Desktop\UC Semester 1 (2023)\COSC363\Assignment 1 (20%)\Assignment1.cpp(488,25): warning C4305: 'argument': truncation from 'double' to 'GLfloat'
C:\Users\GGPC\OneDrive\Desktop\UC Semester 1 (2023)\COSC363\Assignment 1 (20%)\Assignment1.cpp(489,25): warning C4305: 'argument': truncation from 'double' to 'GLfloat'
C:\Users\GGPC\OneDrive\Desktop\UC Semester 1 (2023)\COSC363\Assignment 1 (20%)\Assignment1.cpp(490,25): warning C4305: 'argument': truncation from 'double' to 'GLfloat'
C:\Users\GGPC\OneDrive\Desktop\UC Semester 1 (2023)\COSC363\Assignment 1 (20%)\Assignment1.cpp(491,25): warning C4305: 'argument': truncation from 'double' to 'GLfloat'
C:\Users\GGPC\OneDrive\Desktop\UC Semester 1 (2023)\COSC363\Assignment 1 (20%)\Assignment1.cpp(493,25): warning C4305: 'argument': truncation from 'double' to 'GLfloat'
C:\Users\GGPC\OneDrive\Desktop\UC Semester 1 (2023)\COSC363\Assignment 1 (20%)\Assignment1.cpp(494,25): warning C4305: 'argument': truncation from 'double' to 'GLfloat'
C:\Users\GGPC\OneDrive\Desktop\UC Semester 1 (2023)\COSC363\Assignment 1 (20%)\Assignment1.cpp(495,25): warning C4305: 'argument': truncation from 'double' to 'GLfloat'
C:\Users\GGPC\OneDrive\Desktop\UC Semester 1 (2023)\COSC363\Assignment 1 (20%)\Assignment1.cpp(496,25): warning C4305: 'argument': truncation from 'double' to 'GLfloat'
C:\Users\GGPC\OneDrive\Desktop\UC Semester 1 (2023)\COSC363\Assignment 1 (20%)\Assignment1.cpp(498,26): warning C4305: 'argument': truncation from 'double' to 'GLfloat'
C:\Users\GGPC\OneDrive\Desktop\UC Semester 1 (2023)\COSC363\Assignment 1 (20%)\Assignment1.cpp(499,24): warning C4305: 'argument': truncation from 'double' to 'GLfloat'
C:\Users\GGPC\OneDrive\Desktop\UC Semester 1 (2023)\COSC363\Assignment 1 (20%)\Assignment1.cpp(500,26): warning C4305: 'argument': truncation from 'double' to 'GLfloat'
C:\Users\GGPC\OneDrive\Desktop\UC Semester 1 (2023)\COSC363\Assignment 1 (20%)\Assignment1.cpp(501,26): warning C4305: 'argument': truncation from 'double' to 'GLfloat'
C:\Users\GGPC\OneDrive\Desktop\UC Semester 1 (2023)\COSC363\Assignment 1 (20%)\Assignment1.cpp(503,26): warning C4305: 'argument': truncation from 'double' to 'GLfloat'
C:\Users\GGPC\OneDrive\Desktop\UC Semester 1 (2023)\COSC363\Assignment 1 (20%)\Assignment1.cpp(504,26): warning C4305: 'argument': truncation from 'double' to 'GLfloat'
C:\Users\GGPC\OneDrive\Desktop\UC Semester 1 (2023)\COSC363\Assignment 1 (20%)\Assignment1.cpp(505,26): warning C4305: 'argument': truncation from 'double' to 'GLfloat'
C:\Users\GGPC\OneDrive\Desktop\UC Semester 1 (2023)\COSC363\Assignment 1 (20%)\Assignment1.cpp(506,26): warning C4305: 'argument': truncation from 'double' to 'GLfloat'
C:\Users\GGPC\OneDrive\Desktop\UC Semester 1 (2023)\COSC363\Assignment 1 (20%)\Assignment1.cpp(508,26): warning C4305: 'argument': truncation from 'double' to 'GLfloat'
C:\Users\GGPC\OneDrive\Desktop\UC Semester 1 (2023)\COSC363\Assignment 1 (20%)\Assignment1.cpp(509,26): warning C4305: 'argument': truncation from 'double' to 'GLfloat'
C:\Users\GGPC\OneDrive\Desktop\UC Semester 1 (2023)\COSC363\Assignment 1 (20%)\Assignment1.cpp(510,26): warning C4305: 'argument': truncation from 'double' to 'GLfloat'
C:\Users\GGPC\OneDrive\Desktop\UC Semester 1 (2023)\COSC363\Assignment 1 (20%)\Assignment1.cpp(511,26): warning C4305: 'argument': truncation from 'double' to 'GLfloat'
C:\Users\GGPC\OneDrive\Desktop\UC Semester 1 (2023)\COSC363\Assignment 1 (20%)\Assignment1.cpp(513,26): warning C4305: 'argument': truncation from 'double' to 'GLfloat'
C:\Users\GGPC\OneDrive\Desktop\UC Semester 1 (2023)\COSC363\Assignment 1 (20%)\Assignment1.cpp(514,26): warning C4305: 'argument': truncation from 'double' to 'GLfloat'
C:\Users\GGPC\OneDrive\Desktop\UC Semester 1 (2023)\COSC363\Assignment 1 (20%)\Assignment1.cpp(515,26): warning C4305: 'argument': truncation from 'double' to 'GLfloat'
C:\Users\GGPC\OneDrive\Desktop\UC Semester 1 (2023)\COSC363\Assignment 1 (20%)\Assignment1.cpp(516,26): warning C4305: 'argument': truncation from 'double' to 'GLfloat'
C:\Users\GGPC\OneDrive\Desktop\UC Semester 1 (2023)\COSC363\Assignment 1 (20%)\Assignment1.cpp(519,22): warning C4305: 'argument': truncation from 'double' to 'GLfloat'
C:\Users\GGPC\OneDrive\Desktop\UC Semester 1 (2023)\COSC363\Assignment 1 (20%)\Assignment1.cpp(520,22): warning C4305: 'argument': truncation from 'double' to 'GLfloat'
C:\Users\GGPC\OneDrive\Desktop\UC Semester 1 (2023)\COSC363\Assignment 1 (20%)\Assignment1.cpp(521,26): warning C4305: 'argument': truncation from 'double' to 'GLfloat'
C:\Users\GGPC\OneDrive\Desktop\UC Semester 1 (2023)\COSC363\Assignment 1 (20%)\Assignment1.cpp(522,26): warning C4305: 'argument': truncation from 'double' to 'GLfloat'
C:\Users\GGPC\OneDrive\Desktop\UC Semester 1 (2023)\COSC363\Assignment 1 (20%)\Assignment1.cpp(524,22): warning C4305: 'argument': truncation from 'double' to 'GLfloat'
C:\Users\GGPC\OneDrive\Desktop\UC Semester 1 (2023)\COSC363\Assignment 1 (20%)\Assignment1.cpp(525,23): warning C4305: 'argument': truncation from 'double' to 'GLfloat'
C:\Users\GGPC\OneDrive\Desktop\UC Semester 1 (2023)\COSC363\Assignment 1 (20%)\Assignment1.cpp(526,23): warning C4305: 'argument': truncation from 'double' to 'GLfloat'
C:\Users\GGPC\OneDrive\Desktop\UC Semester 1 (2023)\COSC363\Assignment 1 (20%)\Assignment1.cpp(531,26): warning C4305: 'argument': truncation from 'double' to 'GLfloat'
C:\Users\GGPC\OneDrive\Desktop\UC Semester 1 (2023)\COSC363\Assignment 1 (20%)\Assignment1.cpp(532,26): warning C4305: 'argument': truncation from 'double' to 'GLfloat'
C:\Users\GGPC\OneDrive\Desktop\UC Semester 1 (2023)\COSC363\Assignment 1 (20%)\Assignment1.cpp(534,23): warning C4305: 'argument': truncation from 'double' to 'GLfloat'
C:\Users\GGPC\OneDrive\Desktop\UC Semester 1 (2023)\COSC363\Assignment 1 (20%)\Assignment1.cpp(535,23): warning C4305: 'argument': truncation from 'double' to 'GLfloat'
C:\Users\GGPC\OneDrive\Desktop\UC Semester 1 (2023)\COSC363\Assignment 1 (20%)\Assignment1.cpp(536,25): warning C4305: 'argument': truncation from 'double' to 'GLfloat'
C:\Users\GGPC\OneDrive\Desktop\UC Semester 1 (2023)\COSC363\Assignment 1 (20%)\Assignment1.cpp(537,25): warning C4305: 'argument': truncation from 'double' to 'GLfloat'
C:\Users\GGPC\OneDrive\Desktop\UC Semester 1 (2023)\COSC363\Assignment 1 (20%)\Assignment1.cpp(539,25): warning C4305: 'argument': truncation from 'double' to 'GLfloat'
C:\Users\GGPC\OneDrive\Desktop\UC Semester 1 (2023)\COSC363\Assignment 1 (20%)\Assignment1.cpp(540,25): warning C4305: 'argument': truncation from 'double' to 'GLfloat'
C:\Users\GGPC\OneDrive\Desktop\UC Semester 1 (2023)\COSC363\Assignment 1 (20%)\Assignment1.cpp(541,25): warning C4305: 'argument': truncation from 'double' to 'GLfloat'
C:\Users\GGPC\OneDrive\Desktop\UC Semester 1 (2023)\COSC363\Assignment 1 (20%)\Assignment1.cpp(542,25): warning C4305: 'argument': truncation from 'double' to 'GLfloat'
C:\Users\GGPC\OneDrive\Desktop\UC Semester 1 (2023)\COSC363\Assignment 1 (20%)\Assignment1.cpp(544,25): warning C4305: 'argument': truncation from 'double' to 'GLfloat'
C:\Users\GGPC\OneDrive\Desktop\UC Semester 1 (2023)\COSC363\Assignment 1 (20%)\Assignment1.cpp(545,23): warning C4305: 'argument': truncation from 'double' to 'GLfloat'
C:\Users\GGPC\OneDrive\Desktop\UC Semester 1 (2023)\COSC363\Assignment 1 (20%)\Assignment1.cpp(546,25): warning C4305: 'argument': truncation from 'double' to 'GLfloat'
C:\Users\GGPC\OneDrive\Desktop\UC Semester 1 (2023)\COSC363\Assignment 1 (20%)\Assignment1.cpp(547,25): warning C4305: 'argument': truncation from 'double' to 'GLfloat'
C:\Users\GGPC\OneDrive\Desktop\UC Semester 1 (2023)\COSC363\Assignment 1 (20%)\Assignment1.cpp(549,25): warning C4305: 'argument': truncation from 'double' to 'GLfloat'
C:\Users\GGPC\OneDrive\Desktop\UC Semester 1 (2023)\COSC363\Assignment 1 (20%)\Assignment1.cpp(550,26): warning C4305: 'argument': truncation from 'double' to 'GLfloat'
C:\Users\GGPC\OneDrive\Desktop\UC Semester 1 (2023)\COSC363\Assignment 1 (20%)\Assignment1.cpp(551,26): warning C4305: 'argument': truncation from 'double' to 'GLfloat'
C:\Users\GGPC\OneDrive\Desktop\UC Semester 1 (2023)\COSC363\Assignment 1 (20%)\Assignment1.cpp(552,25): warning C4305: 'argument': truncation from 'double' to 'GLfloat'
C:\Users\GGPC\OneDrive\Desktop\UC Semester 1 (2023)\COSC363\Assignment 1 (20%)\Assignment1.cpp(554,26): warning C4305: 'argument': truncation from 'double' to 'GLfloat'
C:\Users\GGPC\OneDrive\Desktop\UC Semester 1 (2023)\COSC363\Assignment 1 (20%)\Assignment1.cpp(555,26): warning C4305: 'argument': truncation from 'double' to 'GLfloat'
C:\Users\GGPC\OneDrive\Desktop\UC Semester 1 (2023)\COSC363\Assignment 1 (20%)\Assignment1.cpp(556,26): warning C4305: 'argument': truncation from 'double' to 'GLfloat'
C:\Users\GGPC\OneDrive\Desktop\UC Semester 1 (2023)\COSC363\Assignment 1 (20%)\Assignment1.cpp(557,26): warning C4305: 'argument': truncation from 'double' to 'GLfloat'
C:\Users\GGPC\OneDrive\Desktop\UC Semester 1 (2023)\COSC363\Assignment 1 (20%)\Assignment1.cpp(559,26): warning C4305: 'argument': truncation from 'double' to 'GLfloat'
C:\Users\GGPC\OneDrive\Desktop\UC Semester 1 (2023)\COSC363\Assignment 1 (20%)\Assignment1.cpp(560,26): warning C4305: 'argument': truncation from 'double' to 'GLfloat'
C:\Users\GGPC\OneDrive\Desktop\UC Semester 1 (2023)\COSC363\Assignment 1 (20%)\Assignment1.cpp(561,26): warning C4305: 'argument': truncation from 'double' to 'GLfloat'
C:\Users\GGPC\OneDrive\Desktop\UC Semester 1 (2023)\COSC363\Assignment 1 (20%)\Assignment1.cpp(562,26): warning C4305: 'argument': truncation from 'double' to 'GLfloat'
C:\Users\GGPC\OneDrive\Desktop\UC Semester 1 (2023)\COSC363\Assignment 1 (20%)\Assignment1.cpp(592,5): warning C4305: 'initializing': truncation from 'double' to 'float'
C:\Users\GGPC\OneDrive\Desktop\UC Semester 1 (2023)\COSC363\Assignment 1 (20%)\Assignment1.cpp(592,42): warning C4305: '+=': truncation from 'double' to 'float'
C:\Users\GGPC\OneDrive\Desktop\UC Semester 1 (2023)\COSC363\Assignment 1 (20%)\Assignment1.cpp(682,34): warning C4305: 'argument': truncation from 'double' to 'GLfloat'
C:\Users\GGPC\OneDrive\Desktop\UC Semester 1 (2023)\COSC363\Assignment 1 (20%)\Assignment1.cpp(689,28): warning C4305: 'argument': truncation from 'double' to 'GLfloat'
C:\Users\GGPC\OneDrive\Desktop\UC Semester 1 (2023)\COSC363\Assignment 1 (20%)\Assignment1.cpp(703,15): warning C4244: 'argument': conversion from 'int' to 'GLfloat', possible loss of data
C:\Users\GGPC\OneDrive\Desktop\UC Semester 1 (2023)\COSC363\Assignment 1 (20%)\Assignment1.cpp(709,23): warning C4244: 'argument': conversion from 'int' to 'GLfloat', possible loss of data
C:\Users\GGPC\OneDrive\Desktop\UC Semester 1 (2023)\COSC363\Assignment 1 (20%)\Assignment1.cpp(709,15): warning C4244: 'argument': conversion from 'int' to 'GLfloat', possible loss of data
C:\Users\GGPC\OneDrive\Desktop\UC Semester 1 (2023)\COSC363\Assignment 1 (20%)\Assignment1.cpp(715,18): warning C4244: 'argument': conversion from 'int' to 'GLfloat', possible loss of data
C:\Users\GGPC\OneDrive\Desktop\UC Semester 1 (2023)\COSC363\Assignment 1 (20%)\Assignment1.cpp(747,28): warning C4305: 'argument': truncation from 'double' to 'GLfloat'
C:\Users\GGPC\OneDrive\Desktop\UC Semester 1 (2023)\COSC363\Assignment 1 (20%)\Assignment1.cpp(765,34): warning C4305: 'argument': truncation from 'double' to 'GLfloat'
C:\Users\GGPC\OneDrive\Desktop\UC Semester 1 (2023)\COSC363\Assignment 1 (20%)\Assignment1.cpp(777,34): warning C4305: 'argument': truncation from 'double' to 'GLfloat'
C:\Users\GGPC\OneDrive\Desktop\UC Semester 1 (2023)\COSC363\Assignment 1 (20%)\Assignment1.cpp(789,34): warning C4305: 'argument': truncation from 'double' to 'GLfloat'
C:\Users\GGPC\OneDrive\Desktop\UC Semester 1 (2023)\COSC363\Assignment 1 (20%)\Assignment1.cpp(801,34): warning C4305: 'argument': truncation from 'double' to 'GLfloat'
C:\Users\GGPC\OneDrive\Desktop\UC Semester 1 (2023)\COSC363\Assignment 1 (20%)\Assignment1.cpp(818,34): warning C4305: 'argument': truncation from 'double' to 'GLfloat'
C:\Users\GGPC\OneDrive\Desktop\UC Semester 1 (2023)\COSC363\Assignment 1 (20%)\Assignment1.cpp(825,34): warning C4305: 'argument': truncation from 'double' to 'GLfloat'
C:\Users\GGPC\OneDrive\Desktop\UC Semester 1 (2023)\COSC363\Assignment 1 (20%)\Assignment1.cpp(884,25): warning C4305: 'argument': truncation from 'double' to 'GLfloat'
C:\Users\GGPC\OneDrive\Desktop\UC Semester 1 (2023)\COSC363\Assignment 1 (20%)\Assignment1.cpp(973,41): warning C4305: 'initializing': truncation from 'double' to 'float'
  Assignment 1.vcxproj -> C:\Users\GGPC\OneDrive\Desktop\UC Semester 1 (2023)\COSC363\Assignment 1 (20%)\Assignment 1\Debug\Assignment 1.exe
